[0721/221135.004:ERROR:crash_report_database_win.cc(469)] failed to stat report
[0721/221135.004:ERROR:crash_report_database_win.cc(469)] failed to stat report
[0721/221135.004:ERROR:crash_report_database_win.cc(469)] failed to stat report
[0724/102139.552:ERROR:crash_report_database_win.cc(469)] failed to stat report
[0724/102139.554:ERROR:crash_report_database_win.cc(469)] failed to stat report
[0724/102139.554:ERROR:crash_report_database_win.cc(469)] failed to stat report
[0724/102139.554:ERROR:crash_report_database_win.cc(469)] failed to stat report
[0724/102139.554:ERROR:crash_report_database_win.cc(469)] failed to stat report
[0724/102139.554:ERROR:crash_report_database_win.cc(469)] failed to stat report
[0724/102139.554:ERROR:crash_report_database_win.cc(469)] failed to stat report
[0724/102139.555:ERROR:crash_report_database_win.cc(469)] failed to stat report
[0724/102139.555:ERROR:crash_report_database_win.cc(469)] failed to stat report
[0724/102139.555:ERROR:crash_report_database_win.cc(469)] failed to stat report
[0724/102139.555:ERROR:crash_report_database_win.cc(469)] failed to stat report
[0724/102139.555:ERROR:crash_report_database_win.cc(469)] failed to stat report
[0724/102139.555:ERROR:crash_report_database_win.cc(469)] failed to stat report
[0724/102139.555:ERROR:crash_report_database_win.cc(469)] failed to stat report
[0724/102139.555:ERROR:crash_report_database_win.cc(469)] failed to stat report
[0724/102139.555:ERROR:crash_report_database_win.cc(469)] failed to stat report
[0724/102139.555:ERROR:crash_report_database_win.cc(469)] failed to stat report
[0724/102139.555:ERROR:crash_report_database_win.cc(469)] failed to stat report
[0724/102139.555:ERROR:crash_report_database_win.cc(469)] failed to stat report
[0724/102139.555:ERROR:crash_report_database_win.cc(469)] failed to stat report
[0724/110757.840:ERROR:crash_report_database_win.cc(469)] failed to stat report
[0724/110757.841:ERROR:crash_report_database_win.cc(469)] failed to stat report
[0724/110757.841:ERROR:crash_report_database_win.cc(469)] failed to stat report
[0724/110757.841:ERROR:crash_report_database_win.cc(469)] failed to stat report
[0724/110757.842:ERROR:crash_report_database_win.cc(469)] failed to stat report
[0724/110757.842:ERROR:crash_report_database_win.cc(469)] failed to stat report
[0724/110757.842:ERROR:crash_report_database_win.cc(469)] failed to stat report
[0724/110757.842:ERROR:crash_report_database_win.cc(469)] failed to stat report
[0724/110757.842:ERROR:crash_report_database_win.cc(469)] failed to stat report
[0724/110757.842:ERROR:crash_report_database_win.cc(469)] failed to stat report
[0724/110757.842:ERROR:crash_report_database_win.cc(469)] failed to stat report
[0724/110757.842:ERROR:crash_report_database_win.cc(469)] failed to stat report
[0724/110757.842:ERROR:crash_report_database_win.cc(469)] failed to stat report
[0724/110757.842:ERROR:crash_report_database_win.cc(469)] failed to stat report
[0724/110757.842:ERROR:crash_report_database_win.cc(469)] failed to stat report
[0724/110757.842:ERROR:crash_report_database_win.cc(469)] failed to stat report
[0724/110757.842:ERROR:crash_report_database_win.cc(469)] failed to stat report
[0724/110757.842:ERROR:crash_report_database_win.cc(469)] failed to stat report
[0724/110757.842:ERROR:crash_report_database_win.cc(469)] failed to stat report
[0724/110757.842:ERROR:crash_report_database_win.cc(469)] failed to stat report
[0724/120242.526:ERROR:crash_report_database_win.cc(469)] failed to stat report
[0724/120242.526:ERROR:crash_report_database_win.cc(469)] failed to stat report
[0724/120242.526:ERROR:crash_report_database_win.cc(469)] failed to stat report
[0724/120242.526:ERROR:crash_report_database_win.cc(469)] failed to stat report
[0724/120242.527:ERROR:crash_report_database_win.cc(469)] failed to stat report
[0724/120242.527:ERROR:crash_report_database_win.cc(469)] failed to stat report
[0724/120242.527:ERROR:crash_report_database_win.cc(469)] failed to stat report
[0724/120242.527:ERROR:crash_report_database_win.cc(469)] failed to stat report
[0724/120242.527:ERROR:crash_report_database_win.cc(469)] failed to stat report
[0724/120242.527:ERROR:crash_report_database_win.cc(469)] failed to stat report
[0724/120242.527:ERROR:crash_report_database_win.cc(469)] failed to stat report
[0724/120242.527:ERROR:crash_report_database_win.cc(469)] failed to stat report
[0724/120242.527:ERROR:crash_report_database_win.cc(469)] failed to stat report
[0724/120242.527:ERROR:crash_report_database_win.cc(469)] failed to stat report
[0724/120242.527:ERROR:crash_report_database_win.cc(469)] failed to stat report
[0724/120242.527:ERROR:crash_report_database_win.cc(469)] failed to stat report
[0724/120242.527:ERROR:crash_report_database_win.cc(469)] failed to stat report
[0724/120242.527:ERROR:crash_report_database_win.cc(469)] failed to stat report
[0724/120242.527:ERROR:crash_report_database_win.cc(469)] failed to stat report
[0724/120242.527:ERROR:crash_report_database_win.cc(469)] failed to stat report
[0724/171754.249:ERROR:crash_report_database_win.cc(469)] failed to stat report
[0724/171754.254:ERROR:crash_report_database_win.cc(469)] failed to stat report
[0724/171754.254:ERROR:crash_report_database_win.cc(469)] failed to stat report
[0724/171754.254:ERROR:crash_report_database_win.cc(469)] failed to stat report
[0724/171754.254:ERROR:crash_report_database_win.cc(469)] failed to stat report
[0724/171754.254:ERROR:crash_report_database_win.cc(469)] failed to stat report
[0724/171754.254:ERROR:crash_report_database_win.cc(469)] failed to stat report
[0724/171754.254:ERROR:crash_report_database_win.cc(469)] failed to stat report
[0724/171754.254:ERROR:crash_report_database_win.cc(469)] failed to stat report
[0724/171754.254:ERROR:crash_report_database_win.cc(469)] failed to stat report
[0724/171754.254:ERROR:crash_report_database_win.cc(469)] failed to stat report
[0724/171754.254:ERROR:crash_report_database_win.cc(469)] failed to stat report
[0724/171754.254:ERROR:crash_report_database_win.cc(469)] failed to stat report
[0724/171754.255:ERROR:crash_report_database_win.cc(469)] failed to stat report
[0724/171754.255:ERROR:crash_report_database_win.cc(469)] failed to stat report
[0724/171754.255:ERROR:crash_report_database_win.cc(469)] failed to stat report
[0724/171754.255:ERROR:crash_report_database_win.cc(469)] failed to stat report
[0724/171754.255:ERROR:crash_report_database_win.cc(469)] failed to stat report
[0724/171754.255:ERROR:crash_report_database_win.cc(469)] failed to stat report
[0724/171754.255:ERROR:crash_report_database_win.cc(469)] failed to stat report
[0725/093144.221:ERROR:crash_report_database_win.cc(469)] failed to stat report
[0725/093144.222:ERROR:crash_report_database_win.cc(469)] failed to stat report
[0725/093144.222:ERROR:crash_report_database_win.cc(469)] failed to stat report
[0725/093144.222:ERROR:crash_report_database_win.cc(469)] failed to stat report
[0725/093144.223:ERROR:crash_report_database_win.cc(469)] failed to stat report
[0725/093144.223:ERROR:crash_report_database_win.cc(469)] failed to stat report
[0725/093144.223:ERROR:crash_report_database_win.cc(469)] failed to stat report
[0725/093144.223:ERROR:crash_report_database_win.cc(469)] failed to stat report
[0725/093144.223:ERROR:crash_report_database_win.cc(469)] failed to stat report
[0725/093144.223:ERROR:crash_report_database_win.cc(469)] failed to stat report
[0725/093144.223:ERROR:crash_report_database_win.cc(469)] failed to stat report
[0725/093144.223:ERROR:crash_report_database_win.cc(469)] failed to stat report
[0725/093144.223:ERROR:crash_report_database_win.cc(469)] failed to stat report
[0725/093144.223:ERROR:crash_report_database_win.cc(469)] failed to stat report
[0725/093144.223:ERROR:crash_report_database_win.cc(469)] failed to stat report
[0725/093144.223:ERROR:crash_report_database_win.cc(469)] failed to stat report
[0725/093144.223:ERROR:crash_report_database_win.cc(469)] failed to stat report
[0725/093144.223:ERROR:crash_report_database_win.cc(469)] failed to stat report
[0725/093144.223:ERROR:crash_report_database_win.cc(469)] failed to stat report
[0725/093144.223:ERROR:crash_report_database_win.cc(469)] failed to stat report
[0726/110659.825:ERROR:crash_report_database_win.cc(469)] failed to stat report
[0726/110659.826:ERROR:crash_report_database_win.cc(469)] failed to stat report
[0726/110659.826:ERROR:crash_report_database_win.cc(469)] failed to stat report
[0726/110659.826:ERROR:crash_report_database_win.cc(469)] failed to stat report
[0726/110659.826:ERROR:crash_report_database_win.cc(469)] failed to stat report
[0726/110659.826:ERROR:crash_report_database_win.cc(469)] failed to stat report
[0726/110659.826:ERROR:crash_report_database_win.cc(469)] failed to stat report
[0726/110659.826:ERROR:crash_report_database_win.cc(469)] failed to stat report
[0726/110659.826:ERROR:crash_report_database_win.cc(469)] failed to stat report
[0726/110659.826:ERROR:crash_report_database_win.cc(469)] failed to stat report
[0726/110659.826:ERROR:crash_report_database_win.cc(469)] failed to stat report
[0726/110659.826:ERROR:crash_report_database_win.cc(469)] failed to stat report
[0726/110659.826:ERROR:crash_report_database_win.cc(469)] failed to stat report
[0726/110659.826:ERROR:crash_report_database_win.cc(469)] failed to stat report
[0726/110659.826:ERROR:crash_report_database_win.cc(469)] failed to stat report
[0726/110659.826:ERROR:crash_report_database_win.cc(469)] failed to stat report
[0726/110659.826:ERROR:crash_report_database_win.cc(469)] failed to stat report
[0726/110659.826:ERROR:crash_report_database_win.cc(469)] failed to stat report
[0726/110659.826:ERROR:crash_report_database_win.cc(469)] failed to stat report
[0726/110659.826:ERROR:crash_report_database_win.cc(469)] failed to stat report
[0726/155142.784:ERROR:crash_report_database_win.cc(469)] failed to stat report
[0726/155142.785:ERROR:crash_report_database_win.cc(469)] failed to stat report
[0726/155142.785:ERROR:crash_report_database_win.cc(469)] failed to stat report
[0726/155142.785:ERROR:crash_report_database_win.cc(469)] failed to stat report
[0726/155142.785:ERROR:crash_report_database_win.cc(469)] failed to stat report
[0726/155142.785:ERROR:crash_report_database_win.cc(469)] failed to stat report
[0726/155142.785:ERROR:crash_report_database_win.cc(469)] failed to stat report
[0726/155142.785:ERROR:crash_report_database_win.cc(469)] failed to stat report
[0726/155142.785:ERROR:crash_report_database_win.cc(469)] failed to stat report
[0726/155142.785:ERROR:crash_report_database_win.cc(469)] failed to stat report
[0726/155142.785:ERROR:crash_report_database_win.cc(469)] failed to stat report
[0726/155142.785:ERROR:crash_report_database_win.cc(469)] failed to stat report
[0726/155142.785:ERROR:crash_report_database_win.cc(469)] failed to stat report
[0726/155142.786:ERROR:crash_report_database_win.cc(469)] failed to stat report
[0726/155142.786:ERROR:crash_report_database_win.cc(469)] failed to stat report
[0726/155142.786:ERROR:crash_report_database_win.cc(469)] failed to stat report
[0726/155142.786:ERROR:crash_report_database_win.cc(469)] failed to stat report
[0726/155142.786:ERROR:crash_report_database_win.cc(469)] failed to stat report
[0726/155142.786:ERROR:crash_report_database_win.cc(469)] failed to stat report
[0726/155142.786:ERROR:crash_report_database_win.cc(469)] failed to stat report
[0728/175926.467:ERROR:crash_report_database_win.cc(469)] failed to stat report
[0728/175926.484:ERROR:crash_report_database_win.cc(469)] failed to stat report
[0728/175926.484:ERROR:crash_report_database_win.cc(469)] failed to stat report
[0728/190124.299:ERROR:crash_report_database_win.cc(469)] failed to stat report
[0728/190124.300:ERROR:crash_report_database_win.cc(469)] failed to stat report
[0728/190124.300:ERROR:crash_report_database_win.cc(469)] failed to stat report
[0804/113444.741:ERROR:crash_report_database_win.cc(469)] failed to stat report
[0804/113444.763:ERROR:crash_report_database_win.cc(469)] failed to stat report
[0804/113444.763:ERROR:crash_report_database_win.cc(469)] failed to stat report
[0804/205836.327:ERROR:crash_report_database_win.cc(469)] failed to stat report
[0804/205836.361:ERROR:crash_report_database_win.cc(469)] failed to stat report
[0804/205836.361:ERROR:crash_report_database_win.cc(469)] failed to stat report
[0806/103149.616:ERROR:crash_report_database_win.cc(469)] failed to stat report
[0806/103149.626:ERROR:crash_report_database_win.cc(469)] failed to stat report
[0806/103149.626:ERROR:crash_report_database_win.cc(469)] failed to stat report
[0806/103149.626:ERROR:crash_report_database_win.cc(469)] failed to stat report
[0806/103149.626:ERROR:crash_report_database_win.cc(469)] failed to stat report
[0806/103149.626:ERROR:crash_report_database_win.cc(469)] failed to stat report
[0806/103149.626:ERROR:crash_report_database_win.cc(469)] failed to stat report
[0806/103149.626:ERROR:crash_report_database_win.cc(469)] failed to stat report
[0806/103149.626:ERROR:crash_report_database_win.cc(469)] failed to stat report
[0806/103149.626:ERROR:crash_report_database_win.cc(469)] failed to stat report
[0806/103149.626:ERROR:crash_report_database_win.cc(469)] failed to stat report
[0806/103149.626:ERROR:crash_report_database_win.cc(469)] failed to stat report
[0806/103149.626:ERROR:crash_report_database_win.cc(469)] failed to stat report
[0806/103149.626:ERROR:crash_report_database_win.cc(469)] failed to stat report
[0806/103149.626:ERROR:crash_report_database_win.cc(469)] failed to stat report
[0806/103149.627:ERROR:crash_report_database_win.cc(469)] failed to stat report
[0806/103149.627:ERROR:crash_report_database_win.cc(469)] failed to stat report
[0806/103149.627:ERROR:crash_report_database_win.cc(469)] failed to stat report
[0806/103149.627:ERROR:crash_report_database_win.cc(469)] failed to stat report
[0806/103149.627:ERROR:crash_report_database_win.cc(469)] failed to stat report
[0806/103706.023:ERROR:crash_report_database_win.cc(469)] failed to stat report
[0806/103706.024:ERROR:crash_report_database_win.cc(469)] failed to stat report
[0806/103706.024:ERROR:crash_report_database_win.cc(469)] failed to stat report
[0806/103706.024:ERROR:crash_report_database_win.cc(469)] failed to stat report
[0806/103706.024:ERROR:crash_report_database_win.cc(469)] failed to stat report
[0806/103706.024:ERROR:crash_report_database_win.cc(469)] failed to stat report
[0806/103706.024:ERROR:crash_report_database_win.cc(469)] failed to stat report
[0806/103706.024:ERROR:crash_report_database_win.cc(469)] failed to stat report
[0806/103706.024:ERROR:crash_report_database_win.cc(469)] failed to stat report
[0806/103706.024:ERROR:crash_report_database_win.cc(469)] failed to stat report
[0806/103706.024:ERROR:crash_report_database_win.cc(469)] failed to stat report
[0806/103706.024:ERROR:crash_report_database_win.cc(469)] failed to stat report
[0806/103706.024:ERROR:crash_report_database_win.cc(469)] failed to stat report
[0806/103706.024:ERROR:crash_report_database_win.cc(469)] failed to stat report
[0806/103706.024:ERROR:crash_report_database_win.cc(469)] failed to stat report
[0806/103706.024:ERROR:crash_report_database_win.cc(469)] failed to stat report
[0806/103706.024:ERROR:crash_report_database_win.cc(469)] failed to stat report
[0806/103706.024:ERROR:crash_report_database_win.cc(469)] failed to stat report
[0806/103706.025:ERROR:crash_report_database_win.cc(469)] failed to stat report
[0806/103706.025:ERROR:crash_report_database_win.cc(469)] failed to stat report
[0806/114649.022:ERROR:crash_report_database_win.cc(469)] failed to stat report
[0806/114649.023:ERROR:crash_report_database_win.cc(469)] failed to stat report
[0806/114649.023:ERROR:crash_report_database_win.cc(469)] failed to stat report
[0806/114649.023:ERROR:crash_report_database_win.cc(469)] failed to stat report
[0806/114649.024:ERROR:crash_report_database_win.cc(469)] failed to stat report
[0806/114649.024:ERROR:crash_report_database_win.cc(469)] failed to stat report
[0806/114649.024:ERROR:crash_report_database_win.cc(469)] failed to stat report
[0806/114649.024:ERROR:crash_report_database_win.cc(469)] failed to stat report
[0806/114649.024:ERROR:crash_report_database_win.cc(469)] failed to stat report
[0806/114649.024:ERROR:crash_report_database_win.cc(469)] failed to stat report
[0806/114649.024:ERROR:crash_report_database_win.cc(469)] failed to stat report
[0806/114649.024:ERROR:crash_report_database_win.cc(469)] failed to stat report
[0806/114649.024:ERROR:crash_report_database_win.cc(469)] failed to stat report
[0806/114649.024:ERROR:crash_report_database_win.cc(469)] failed to stat report
[0806/114649.024:ERROR:crash_report_database_win.cc(469)] failed to stat report
[0806/114649.024:ERROR:crash_report_database_win.cc(469)] failed to stat report
[0806/114649.024:ERROR:crash_report_database_win.cc(469)] failed to stat report
[0806/114649.024:ERROR:crash_report_database_win.cc(469)] failed to stat report
[0806/114649.024:ERROR:crash_report_database_win.cc(469)] failed to stat report
[0806/114649.024:ERROR:crash_report_database_win.cc(469)] failed to stat report
[0806/131703.275:ERROR:crash_report_database_win.cc(469)] failed to stat report
[0806/131703.276:ERROR:crash_report_database_win.cc(469)] failed to stat report
[0806/131703.276:ERROR:crash_report_database_win.cc(469)] failed to stat report
[0806/131703.276:ERROR:crash_report_database_win.cc(469)] failed to stat report
[0806/131703.276:ERROR:crash_report_database_win.cc(469)] failed to stat report
[0806/131703.277:ERROR:crash_report_database_win.cc(469)] failed to stat report
[0806/131703.277:ERROR:crash_report_database_win.cc(469)] failed to stat report
[0806/131703.277:ERROR:crash_report_database_win.cc(469)] failed to stat report
[0806/131703.277:ERROR:crash_report_database_win.cc(469)] failed to stat report
[0806/131703.277:ERROR:crash_report_database_win.cc(469)] failed to stat report
[0806/131703.277:ERROR:crash_report_database_win.cc(469)] failed to stat report
[0806/131703.277:ERROR:crash_report_database_win.cc(469)] failed to stat report
[0806/131703.277:ERROR:crash_report_database_win.cc(469)] failed to stat report
[0806/131703.277:ERROR:crash_report_database_win.cc(469)] failed to stat report
[0806/131703.277:ERROR:crash_report_database_win.cc(469)] failed to stat report
[0806/131703.277:ERROR:crash_report_database_win.cc(469)] failed to stat report
[0806/131703.277:ERROR:crash_report_database_win.cc(469)] failed to stat report
[0806/131703.277:ERROR:crash_report_database_win.cc(469)] failed to stat report
[0806/131703.277:ERROR:crash_report_database_win.cc(469)] failed to stat report
[0806/131703.277:ERROR:crash_report_database_win.cc(469)] failed to stat report
[0806/141245.807:ERROR:crash_report_database_win.cc(469)] failed to stat report
[0806/141245.808:ERROR:crash_report_database_win.cc(469)] failed to stat report
[0806/141245.808:ERROR:crash_report_database_win.cc(469)] failed to stat report
[0806/141245.808:ERROR:crash_report_database_win.cc(469)] failed to stat report
[0806/141245.808:ERROR:crash_report_database_win.cc(469)] failed to stat report
[0806/141245.808:ERROR:crash_report_database_win.cc(469)] failed to stat report
[0806/141245.808:ERROR:crash_report_database_win.cc(469)] failed to stat report
[0806/141245.808:ERROR:crash_report_database_win.cc(469)] failed to stat report
[0806/141245.808:ERROR:crash_report_database_win.cc(469)] failed to stat report
[0806/141245.808:ERROR:crash_report_database_win.cc(469)] failed to stat report
[0806/141245.808:ERROR:crash_report_database_win.cc(469)] failed to stat report
[0806/141245.808:ERROR:crash_report_database_win.cc(469)] failed to stat report
[0806/141245.809:ERROR:crash_report_database_win.cc(469)] failed to stat report
[0806/141245.809:ERROR:crash_report_database_win.cc(469)] failed to stat report
[0806/141245.809:ERROR:crash_report_database_win.cc(469)] failed to stat report
[0806/141245.809:ERROR:crash_report_database_win.cc(469)] failed to stat report
[0806/141245.809:ERROR:crash_report_database_win.cc(469)] failed to stat report
[0806/141245.809:ERROR:crash_report_database_win.cc(469)] failed to stat report
[0806/141245.809:ERROR:crash_report_database_win.cc(469)] failed to stat report
[0806/141245.809:ERROR:crash_report_database_win.cc(469)] failed to stat report
[0807/163217.173:ERROR:crash_report_database_win.cc(469)] failed to stat report
[0807/163217.174:ERROR:crash_report_database_win.cc(469)] failed to stat report
[0807/163217.174:ERROR:crash_report_database_win.cc(469)] failed to stat report
[0807/163217.174:ERROR:crash_report_database_win.cc(469)] failed to stat report
[0807/163217.174:ERROR:crash_report_database_win.cc(469)] failed to stat report
[0807/163217.174:ERROR:crash_report_database_win.cc(469)] failed to stat report
[0807/163217.174:ERROR:crash_report_database_win.cc(469)] failed to stat report
[0807/163217.175:ERROR:crash_report_database_win.cc(469)] failed to stat report
[0807/163217.175:ERROR:crash_report_database_win.cc(469)] failed to stat report
[0807/163217.175:ERROR:crash_report_database_win.cc(469)] failed to stat report
[0807/163217.175:ERROR:crash_report_database_win.cc(469)] failed to stat report
[0807/163217.175:ERROR:crash_report_database_win.cc(469)] failed to stat report
[0807/163217.175:ERROR:crash_report_database_win.cc(469)] failed to stat report
[0807/163217.175:ERROR:crash_report_database_win.cc(469)] failed to stat report
[0807/163217.175:ERROR:crash_report_database_win.cc(469)] failed to stat report
[0807/163217.175:ERROR:crash_report_database_win.cc(469)] failed to stat report
[0807/163217.175:ERROR:crash_report_database_win.cc(469)] failed to stat report
[0807/163217.175:ERROR:crash_report_database_win.cc(469)] failed to stat report
[0807/163217.175:ERROR:crash_report_database_win.cc(469)] failed to stat report
[0807/163217.175:ERROR:crash_report_database_win.cc(469)] failed to stat report
<<<<<<< HEAD
[0808/102432.867:ERROR:crash_report_database_win.cc(469)] failed to stat report
[0808/102432.869:ERROR:crash_report_database_win.cc(469)] failed to stat report
[0808/102432.869:ERROR:crash_report_database_win.cc(469)] failed to stat report
[0808/102432.869:ERROR:crash_report_database_win.cc(469)] failed to stat report
[0808/102432.869:ERROR:crash_report_database_win.cc(469)] failed to stat report
[0808/102432.869:ERROR:crash_report_database_win.cc(469)] failed to stat report
[0808/102432.869:ERROR:crash_report_database_win.cc(469)] failed to stat report
[0808/102432.869:ERROR:crash_report_database_win.cc(469)] failed to stat report
[0808/102432.869:ERROR:crash_report_database_win.cc(469)] failed to stat report
[0808/102432.869:ERROR:crash_report_database_win.cc(469)] failed to stat report
[0808/102432.869:ERROR:crash_report_database_win.cc(469)] failed to stat report
[0808/102432.869:ERROR:crash_report_database_win.cc(469)] failed to stat report
[0808/102432.869:ERROR:crash_report_database_win.cc(469)] failed to stat report
[0808/102432.869:ERROR:crash_report_database_win.cc(469)] failed to stat report
[0808/102432.869:ERROR:crash_report_database_win.cc(469)] failed to stat report
[0808/102432.869:ERROR:crash_report_database_win.cc(469)] failed to stat report
[0808/102432.869:ERROR:crash_report_database_win.cc(469)] failed to stat report
[0808/102432.869:ERROR:crash_report_database_win.cc(469)] failed to stat report
[0808/102432.869:ERROR:crash_report_database_win.cc(469)] failed to stat report
[0808/102432.869:ERROR:crash_report_database_win.cc(469)] failed to stat report
=======
[0807/212623.652:ERROR:crash_report_database_win.cc(469)] failed to stat report
[0807/212623.652:ERROR:crash_report_database_win.cc(469)] failed to stat report
[0807/212623.652:ERROR:crash_report_database_win.cc(469)] failed to stat report
<<<<<<< HEAD
>>>>>>> cff224de1bc15a44a0cc330a1a2c1819bba160f5
[0809/103636.718:ERROR:crash_report_database_win.cc(469)] failed to stat report
[0809/103636.719:ERROR:crash_report_database_win.cc(469)] failed to stat report
[0809/103636.719:ERROR:crash_report_database_win.cc(469)] failed to stat report
[0809/103636.719:ERROR:crash_report_database_win.cc(469)] failed to stat report
[0809/103636.719:ERROR:crash_report_database_win.cc(469)] failed to stat report
[0809/103636.719:ERROR:crash_report_database_win.cc(469)] failed to stat report
[0809/103636.719:ERROR:crash_report_database_win.cc(469)] failed to stat report
[0809/103636.719:ERROR:crash_report_database_win.cc(469)] failed to stat report
[0809/103636.719:ERROR:crash_report_database_win.cc(469)] failed to stat report
[0809/103636.719:ERROR:crash_report_database_win.cc(469)] failed to stat report
[0809/103636.719:ERROR:crash_report_database_win.cc(469)] failed to stat report
[0809/103636.719:ERROR:crash_report_database_win.cc(469)] failed to stat report
[0809/103636.720:ERROR:crash_report_database_win.cc(469)] failed to stat report
[0809/103636.720:ERROR:crash_report_database_win.cc(469)] failed to stat report
[0809/103636.720:ERROR:crash_report_database_win.cc(469)] failed to stat report
[0809/103636.720:ERROR:crash_report_database_win.cc(469)] failed to stat report
[0809/103636.720:ERROR:crash_report_database_win.cc(469)] failed to stat report
[0809/103636.720:ERROR:crash_report_database_win.cc(469)] failed to stat report
[0809/103636.720:ERROR:crash_report_database_win.cc(469)] failed to stat report
[0809/103636.720:ERROR:crash_report_database_win.cc(469)] failed to stat report
=======
[0808/214618.436:ERROR:crash_report_database_win.cc(469)] failed to stat report
[0808/214618.437:ERROR:crash_report_database_win.cc(469)] failed to stat report
[0808/214618.437:ERROR:crash_report_database_win.cc(469)] failed to stat report
>>>>>>> eaf811c3f47dbabbaeb36bfd904277ba66d76963
<<<<<<< HEAD
[0810/202643.337:ERROR:crash_report_database_win.cc(469)] failed to stat report
[0810/202643.354:ERROR:crash_report_database_win.cc(469)] failed to stat report
[0810/202643.355:ERROR:crash_report_database_win.cc(469)] failed to stat report
=======
[0812/104903.421:ERROR:crash_report_database_win.cc(469)] failed to stat report
[0812/104903.422:ERROR:crash_report_database_win.cc(469)] failed to stat report
[0812/104903.422:ERROR:crash_report_database_win.cc(469)] failed to stat report
[0812/104903.422:ERROR:crash_report_database_win.cc(469)] failed to stat report
[0812/104903.422:ERROR:crash_report_database_win.cc(469)] failed to stat report
[0812/104903.422:ERROR:crash_report_database_win.cc(469)] failed to stat report
[0812/104903.422:ERROR:crash_report_database_win.cc(469)] failed to stat report
[0812/104903.422:ERROR:crash_report_database_win.cc(469)] failed to stat report
[0812/104903.422:ERROR:crash_report_database_win.cc(469)] failed to stat report
[0812/104903.422:ERROR:crash_report_database_win.cc(469)] failed to stat report
[0812/104903.422:ERROR:crash_report_database_win.cc(469)] failed to stat report
[0812/104903.422:ERROR:crash_report_database_win.cc(469)] failed to stat report
[0812/104903.422:ERROR:crash_report_database_win.cc(469)] failed to stat report
[0812/104903.422:ERROR:crash_report_database_win.cc(469)] failed to stat report
[0812/104903.422:ERROR:crash_report_database_win.cc(469)] failed to stat report
[0812/104903.422:ERROR:crash_report_database_win.cc(469)] failed to stat report
[0812/104903.422:ERROR:crash_report_database_win.cc(469)] failed to stat report
[0812/104903.422:ERROR:crash_report_database_win.cc(469)] failed to stat report
[0812/104903.422:ERROR:crash_report_database_win.cc(469)] failed to stat report
[0812/104903.422:ERROR:crash_report_database_win.cc(469)] failed to stat report
<<<<<<< HEAD
[0813/091603.629:ERROR:crash_report_database_win.cc(469)] failed to stat report
[0813/091603.630:ERROR:crash_report_database_win.cc(469)] failed to stat report
[0813/091603.630:ERROR:crash_report_database_win.cc(469)] failed to stat report
[0813/091603.630:ERROR:crash_report_database_win.cc(469)] failed to stat report
[0813/091603.630:ERROR:crash_report_database_win.cc(469)] failed to stat report
[0813/091603.630:ERROR:crash_report_database_win.cc(469)] failed to stat report
[0813/091603.630:ERROR:crash_report_database_win.cc(469)] failed to stat report
[0813/091603.630:ERROR:crash_report_database_win.cc(469)] failed to stat report
[0813/091603.630:ERROR:crash_report_database_win.cc(469)] failed to stat report
[0813/091603.630:ERROR:crash_report_database_win.cc(469)] failed to stat report
[0813/091603.630:ERROR:crash_report_database_win.cc(469)] failed to stat report
[0813/091603.630:ERROR:crash_report_database_win.cc(469)] failed to stat report
[0813/091603.630:ERROR:crash_report_database_win.cc(469)] failed to stat report
[0813/091603.631:ERROR:crash_report_database_win.cc(469)] failed to stat report
[0813/091603.631:ERROR:crash_report_database_win.cc(469)] failed to stat report
[0813/091603.631:ERROR:crash_report_database_win.cc(469)] failed to stat report
[0813/091603.631:ERROR:crash_report_database_win.cc(469)] failed to stat report
[0813/091603.631:ERROR:crash_report_database_win.cc(469)] failed to stat report
[0813/091603.631:ERROR:crash_report_database_win.cc(469)] failed to stat report
[0813/091603.631:ERROR:crash_report_database_win.cc(469)] failed to stat report
=======
>>>>>>> 10d46e06ab1901ebbb705d4abb97813b409b28f2
[0812/210512.346:ERROR:crash_report_database_win.cc(469)] failed to stat report
[0812/210512.347:ERROR:crash_report_database_win.cc(469)] failed to stat report
[0812/210512.347:ERROR:crash_report_database_win.cc(469)] failed to stat report
<<<<<<< HEAD
[0813/212738.806:ERROR:crash_report_database_win.cc(469)] failed to stat report
[0813/212738.806:ERROR:crash_report_database_win.cc(469)] failed to stat report
[0813/212738.806:ERROR:crash_report_database_win.cc(469)] failed to stat report
=======
>>>>>>> 23809d5780efa50c74bd5802340cb32f5958d721
[0813/161555.951:ERROR:crash_report_database_win.cc(469)] failed to stat report
[0813/161555.953:ERROR:crash_report_database_win.cc(469)] failed to stat report
[0813/161555.953:ERROR:crash_report_database_win.cc(469)] failed to stat report
[0813/161555.953:ERROR:crash_report_database_win.cc(469)] failed to stat report
[0813/161555.953:ERROR:crash_report_database_win.cc(469)] failed to stat report
[0813/161555.953:ERROR:crash_report_database_win.cc(469)] failed to stat report
[0813/161555.953:ERROR:crash_report_database_win.cc(469)] failed to stat report
[0813/161555.953:ERROR:crash_report_database_win.cc(469)] failed to stat report
[0813/161555.953:ERROR:crash_report_database_win.cc(469)] failed to stat report
[0813/161555.953:ERROR:crash_report_database_win.cc(469)] failed to stat report
[0813/161555.953:ERROR:crash_report_database_win.cc(469)] failed to stat report
[0813/161555.953:ERROR:crash_report_database_win.cc(469)] failed to stat report
[0813/161555.953:ERROR:crash_report_database_win.cc(469)] failed to stat report
[0813/161555.953:ERROR:crash_report_database_win.cc(469)] failed to stat report
[0813/161555.953:ERROR:crash_report_database_win.cc(469)] failed to stat report
[0813/161555.953:ERROR:crash_report_database_win.cc(469)] failed to stat report
[0813/161555.953:ERROR:crash_report_database_win.cc(469)] failed to stat report
[0813/161555.954:ERROR:crash_report_database_win.cc(469)] failed to stat report
[0813/161555.954:ERROR:crash_report_database_win.cc(469)] failed to stat report
[0813/161555.954:ERROR:crash_report_database_win.cc(469)] failed to stat report
[0813/162038.892:ERROR:crash_report_database_win.cc(469)] failed to stat report
[0813/162038.892:ERROR:crash_report_database_win.cc(469)] failed to stat report
[0813/162038.892:ERROR:crash_report_database_win.cc(469)] failed to stat report
[0813/162038.892:ERROR:crash_report_database_win.cc(469)] failed to stat report
[0813/162038.892:ERROR:crash_report_database_win.cc(469)] failed to stat report
[0813/162038.892:ERROR:crash_report_database_win.cc(469)] failed to stat report
[0813/162038.892:ERROR:crash_report_database_win.cc(469)] failed to stat report
[0813/162038.892:ERROR:crash_report_database_win.cc(469)] failed to stat report
[0813/162038.892:ERROR:crash_report_database_win.cc(469)] failed to stat report
[0813/162038.892:ERROR:crash_report_database_win.cc(469)] failed to stat report
[0813/162038.893:ERROR:crash_report_database_win.cc(469)] failed to stat report
[0813/162038.893:ERROR:crash_report_database_win.cc(469)] failed to stat report
[0813/162038.893:ERROR:crash_report_database_win.cc(469)] failed to stat report
[0813/162038.893:ERROR:crash_report_database_win.cc(469)] failed to stat report
[0813/162038.893:ERROR:crash_report_database_win.cc(469)] failed to stat report
[0813/162038.893:ERROR:crash_report_database_win.cc(469)] failed to stat report
[0813/162038.893:ERROR:crash_report_database_win.cc(469)] failed to stat report
[0813/162038.893:ERROR:crash_report_database_win.cc(469)] failed to stat report
[0813/162038.893:ERROR:crash_report_database_win.cc(469)] failed to stat report
[0813/162038.893:ERROR:crash_report_database_win.cc(469)] failed to stat report
<<<<<<< HEAD
>>>>>>> c6aa197cdfd063ab4ab656040600aa6664e45a5a
=======
[0815/094756.137:ERROR:crash_report_database_win.cc(469)] failed to stat report
[0815/094756.138:ERROR:crash_report_database_win.cc(469)] failed to stat report
[0815/094756.139:ERROR:crash_report_database_win.cc(469)] failed to stat report
[0815/094756.139:ERROR:crash_report_database_win.cc(469)] failed to stat report
[0815/094756.139:ERROR:crash_report_database_win.cc(469)] failed to stat report
[0815/094756.139:ERROR:crash_report_database_win.cc(469)] failed to stat report
[0815/094756.139:ERROR:crash_report_database_win.cc(469)] failed to stat report
[0815/094756.139:ERROR:crash_report_database_win.cc(469)] failed to stat report
[0815/094756.139:ERROR:crash_report_database_win.cc(469)] failed to stat report
[0815/094756.139:ERROR:crash_report_database_win.cc(469)] failed to stat report
[0815/094756.139:ERROR:crash_report_database_win.cc(469)] failed to stat report
[0815/094756.139:ERROR:crash_report_database_win.cc(469)] failed to stat report
[0815/094756.139:ERROR:crash_report_database_win.cc(469)] failed to stat report
[0815/094756.139:ERROR:crash_report_database_win.cc(469)] failed to stat report
[0815/094756.139:ERROR:crash_report_database_win.cc(469)] failed to stat report
[0815/094756.139:ERROR:crash_report_database_win.cc(469)] failed to stat report
[0815/094756.139:ERROR:crash_report_database_win.cc(469)] failed to stat report
[0815/094756.139:ERROR:crash_report_database_win.cc(469)] failed to stat report
[0815/094756.139:ERROR:crash_report_database_win.cc(469)] failed to stat report
[0815/094756.139:ERROR:crash_report_database_win.cc(469)] failed to stat report
[0815/141358.775:ERROR:crash_report_database_win.cc(469)] failed to stat report
[0815/141358.777:ERROR:crash_report_database_win.cc(469)] failed to stat report
[0815/141358.777:ERROR:crash_report_database_win.cc(469)] failed to stat report
[0815/141358.777:ERROR:crash_report_database_win.cc(469)] failed to stat report
[0815/141358.777:ERROR:crash_report_database_win.cc(469)] failed to stat report
[0815/141358.777:ERROR:crash_report_database_win.cc(469)] failed to stat report
[0815/141358.777:ERROR:crash_report_database_win.cc(469)] failed to stat report
[0815/141358.777:ERROR:crash_report_database_win.cc(469)] failed to stat report
[0815/141358.777:ERROR:crash_report_database_win.cc(469)] failed to stat report
[0815/141358.777:ERROR:crash_report_database_win.cc(469)] failed to stat report
[0815/141358.777:ERROR:crash_report_database_win.cc(469)] failed to stat report
[0815/141358.777:ERROR:crash_report_database_win.cc(469)] failed to stat report
[0815/141358.778:ERROR:crash_report_database_win.cc(469)] failed to stat report
[0815/141358.778:ERROR:crash_report_database_win.cc(469)] failed to stat report
[0815/141358.778:ERROR:crash_report_database_win.cc(469)] failed to stat report
[0815/141358.778:ERROR:crash_report_database_win.cc(469)] failed to stat report
[0815/141358.778:ERROR:crash_report_database_win.cc(469)] failed to stat report
[0815/141358.778:ERROR:crash_report_database_win.cc(469)] failed to stat report
[0815/141358.778:ERROR:crash_report_database_win.cc(469)] failed to stat report
[0815/141358.778:ERROR:crash_report_database_win.cc(469)] failed to stat report
>>>>>>> 4dc1a10ff713194a5489b742b8b232b5f8380a71
[0816/222432.033:ERROR:crash_report_database_win.cc(469)] failed to stat report
[0816/222432.033:ERROR:crash_report_database_win.cc(469)] failed to stat report
[0816/222432.034:ERROR:crash_report_database_win.cc(469)] failed to stat report
[0816/222432.034:ERROR:crash_report_database_win.cc(469)] failed to stat report
[0816/222432.034:ERROR:crash_report_database_win.cc(469)] failed to stat report
[0816/222432.034:ERROR:crash_report_database_win.cc(469)] failed to stat report
[0816/230216.096:ERROR:crash_report_database_win.cc(469)] failed to stat report
[0816/230216.097:ERROR:crash_report_database_win.cc(469)] failed to stat report
[0816/230216.097:ERROR:crash_report_database_win.cc(469)] failed to stat report
[0816/230216.098:ERROR:crash_report_database_win.cc(469)] failed to stat report
[0816/230216.098:ERROR:crash_report_database_win.cc(469)] failed to stat report
[0816/230216.098:ERROR:crash_report_database_win.cc(469)] failed to stat report
[0817/171735.385:ERROR:crash_report_database_win.cc(469)] failed to stat report
[0817/171735.385:ERROR:crash_report_database_win.cc(469)] failed to stat report
[0817/171735.386:ERROR:crash_report_database_win.cc(469)] failed to stat report
[0817/171735.386:ERROR:crash_report_database_win.cc(469)] failed to stat report
[0817/171735.386:ERROR:crash_report_database_win.cc(469)] failed to stat report
[0817/171735.386:ERROR:crash_report_database_win.cc(469)] failed to stat report
[0817/211235.398:ERROR:crash_report_database_win.cc(469)] failed to stat report
[0817/211235.398:ERROR:crash_report_database_win.cc(469)] failed to stat report
[0817/211235.398:ERROR:crash_report_database_win.cc(469)] failed to stat report
[0817/211235.399:ERROR:crash_report_database_win.cc(469)] failed to stat report
[0817/211235.399:ERROR:crash_report_database_win.cc(469)] failed to stat report
[0817/211235.399:ERROR:crash_report_database_win.cc(469)] failed to stat report
[0818/091708.201:ERROR:crash_report_database_win.cc(469)] failed to stat report
[0818/091708.201:ERROR:crash_report_database_win.cc(469)] failed to stat report
[0818/091708.201:ERROR:crash_report_database_win.cc(469)] failed to stat report
[0818/091708.201:ERROR:crash_report_database_win.cc(469)] failed to stat report
[0818/091708.202:ERROR:crash_report_database_win.cc(469)] failed to stat report
[0818/091708.202:ERROR:crash_report_database_win.cc(469)] failed to stat report
[0818/215133.084:ERROR:crash_report_database_win.cc(469)] failed to stat report
[0818/215133.106:ERROR:crash_report_database_win.cc(469)] failed to stat report
[0818/215133.106:ERROR:crash_report_database_win.cc(469)] failed to stat report
[0818/215133.106:ERROR:crash_report_database_win.cc(469)] failed to stat report
[0818/215133.106:ERROR:crash_report_database_win.cc(469)] failed to stat report
[0818/215133.106:ERROR:crash_report_database_win.cc(469)] failed to stat report
[0819/160657.504:ERROR:crash_report_database_win.cc(469)] failed to stat report
[0819/160657.505:ERROR:crash_report_database_win.cc(469)] failed to stat report
[0819/160657.505:ERROR:crash_report_database_win.cc(469)] failed to stat report
[0819/160657.505:ERROR:crash_report_database_win.cc(469)] failed to stat report
[0819/160657.505:ERROR:crash_report_database_win.cc(469)] failed to stat report
[0819/160657.505:ERROR:crash_report_database_win.cc(469)] failed to stat report
[0819/160657.505:ERROR:crash_report_database_win.cc(469)] failed to stat report
[0819/160657.505:ERROR:crash_report_database_win.cc(469)] failed to stat report
[0819/160657.505:ERROR:crash_report_database_win.cc(469)] failed to stat report
[0819/160657.505:ERROR:crash_report_database_win.cc(469)] failed to stat report
[0819/160657.505:ERROR:crash_report_database_win.cc(469)] failed to stat report
[0819/160657.506:ERROR:crash_report_database_win.cc(469)] failed to stat report
[0819/160657.506:ERROR:crash_report_database_win.cc(469)] failed to stat report
[0819/160657.506:ERROR:crash_report_database_win.cc(469)] failed to stat report
[0819/160657.506:ERROR:crash_report_database_win.cc(469)] failed to stat report
[0819/160657.506:ERROR:crash_report_database_win.cc(469)] failed to stat report
[0819/160657.506:ERROR:crash_report_database_win.cc(469)] failed to stat report
[0819/160657.506:ERROR:crash_report_database_win.cc(469)] failed to stat report
[0819/160657.506:ERROR:crash_report_database_win.cc(469)] failed to stat report
[0819/160657.506:ERROR:crash_report_database_win.cc(469)] failed to stat report
[0820/134717.945:ERROR:crash_report_database_win.cc(469)] failed to stat report
[0820/134717.946:ERROR:crash_report_database_win.cc(469)] failed to stat report
[0820/134717.946:ERROR:crash_report_database_win.cc(469)] failed to stat report
[0820/134717.946:ERROR:crash_report_database_win.cc(469)] failed to stat report
[0820/134717.946:ERROR:crash_report_database_win.cc(469)] failed to stat report
[0820/134717.946:ERROR:crash_report_database_win.cc(469)] failed to stat report
[0820/134717.946:ERROR:crash_report_database_win.cc(469)] failed to stat report
[0820/134717.946:ERROR:crash_report_database_win.cc(469)] failed to stat report
[0820/134717.946:ERROR:crash_report_database_win.cc(469)] failed to stat report
[0820/134717.947:ERROR:crash_report_database_win.cc(469)] failed to stat report
[0820/134717.947:ERROR:crash_report_database_win.cc(469)] failed to stat report
[0820/134717.947:ERROR:crash_report_database_win.cc(469)] failed to stat report
[0820/134717.947:ERROR:crash_report_database_win.cc(469)] failed to stat report
[0820/134717.947:ERROR:crash_report_database_win.cc(469)] failed to stat report
[0820/134717.947:ERROR:crash_report_database_win.cc(469)] failed to stat report
[0820/134717.947:ERROR:crash_report_database_win.cc(469)] failed to stat report
[0820/134717.947:ERROR:crash_report_database_win.cc(469)] failed to stat report
[0820/134717.947:ERROR:crash_report_database_win.cc(469)] failed to stat report
[0820/134717.947:ERROR:crash_report_database_win.cc(469)] failed to stat report
[0820/134717.947:ERROR:crash_report_database_win.cc(469)] failed to stat report
[0820/135126.083:ERROR:crash_report_database_win.cc(469)] failed to stat report
[0820/135126.084:ERROR:crash_report_database_win.cc(469)] failed to stat report
[0820/135126.085:ERROR:crash_report_database_win.cc(469)] failed to stat report
[0820/135126.085:ERROR:crash_report_database_win.cc(469)] failed to stat report
[0820/135126.085:ERROR:crash_report_database_win.cc(469)] failed to stat report
[0820/135126.085:ERROR:crash_report_database_win.cc(469)] failed to stat report
[0820/135126.085:ERROR:crash_report_database_win.cc(469)] failed to stat report
[0820/135126.085:ERROR:crash_report_database_win.cc(469)] failed to stat report
[0820/135126.085:ERROR:crash_report_database_win.cc(469)] failed to stat report
[0820/135126.085:ERROR:crash_report_database_win.cc(469)] failed to stat report
[0820/135126.085:ERROR:crash_report_database_win.cc(469)] failed to stat report
[0820/135126.085:ERROR:crash_report_database_win.cc(469)] failed to stat report
[0820/135126.085:ERROR:crash_report_database_win.cc(469)] failed to stat report
[0820/135126.085:ERROR:crash_report_database_win.cc(469)] failed to stat report
[0820/135126.085:ERROR:crash_report_database_win.cc(469)] failed to stat report
[0820/135126.085:ERROR:crash_report_database_win.cc(469)] failed to stat report
[0820/135126.085:ERROR:crash_report_database_win.cc(469)] failed to stat report
[0820/135126.085:ERROR:crash_report_database_win.cc(469)] failed to stat report
[0820/135126.085:ERROR:crash_report_database_win.cc(469)] failed to stat report
[0820/135126.085:ERROR:crash_report_database_win.cc(469)] failed to stat report
[0821/110258.047:ERROR:crash_report_database_win.cc(469)] failed to stat report
[0821/110258.050:ERROR:crash_report_database_win.cc(469)] failed to stat report
[0821/110258.050:ERROR:crash_report_database_win.cc(469)] failed to stat report
[0821/110258.050:ERROR:crash_report_database_win.cc(469)] failed to stat report
[0821/110258.050:ERROR:crash_report_database_win.cc(469)] failed to stat report
[0821/110258.050:ERROR:crash_report_database_win.cc(469)] failed to stat report
[0821/110258.050:ERROR:crash_report_database_win.cc(469)] failed to stat report
[0821/110258.050:ERROR:crash_report_database_win.cc(469)] failed to stat report
[0821/110258.050:ERROR:crash_report_database_win.cc(469)] failed to stat report
[0821/110258.050:ERROR:crash_report_database_win.cc(469)] failed to stat report
[0821/110258.050:ERROR:crash_report_database_win.cc(469)] failed to stat report
[0821/110258.050:ERROR:crash_report_database_win.cc(469)] failed to stat report
[0821/110258.050:ERROR:crash_report_database_win.cc(469)] failed to stat report
[0821/110258.051:ERROR:crash_report_database_win.cc(469)] failed to stat report
[0821/110258.051:ERROR:crash_report_database_win.cc(469)] failed to stat report
[0821/110258.051:ERROR:crash_report_database_win.cc(469)] failed to stat report
[0821/110258.051:ERROR:crash_report_database_win.cc(469)] failed to stat report
[0821/110258.051:ERROR:crash_report_database_win.cc(469)] failed to stat report
[0821/110258.051:ERROR:crash_report_database_win.cc(469)] failed to stat report
[0821/110258.051:ERROR:crash_report_database_win.cc(469)] failed to stat report
[0822/093248.060:ERROR:crash_report_database_win.cc(469)] failed to stat report
[0822/093248.062:ERROR:crash_report_database_win.cc(469)] failed to stat report
[0822/093248.062:ERROR:crash_report_database_win.cc(469)] failed to stat report
[0822/093248.062:ERROR:crash_report_database_win.cc(469)] failed to stat report
[0822/093248.062:ERROR:crash_report_database_win.cc(469)] failed to stat report
[0822/093248.062:ERROR:crash_report_database_win.cc(469)] failed to stat report
[0822/093248.062:ERROR:crash_report_database_win.cc(469)] failed to stat report
[0822/093248.062:ERROR:crash_report_database_win.cc(469)] failed to stat report
[0822/093248.062:ERROR:crash_report_database_win.cc(469)] failed to stat report
[0822/093248.062:ERROR:crash_report_database_win.cc(469)] failed to stat report
[0822/093248.062:ERROR:crash_report_database_win.cc(469)] failed to stat report
[0822/093248.062:ERROR:crash_report_database_win.cc(469)] failed to stat report
[0822/093248.062:ERROR:crash_report_database_win.cc(469)] failed to stat report
[0822/093248.062:ERROR:crash_report_database_win.cc(469)] failed to stat report
[0822/093248.062:ERROR:crash_report_database_win.cc(469)] failed to stat report
[0822/093248.062:ERROR:crash_report_database_win.cc(469)] failed to stat report
[0822/093248.063:ERROR:crash_report_database_win.cc(469)] failed to stat report
[0822/093248.063:ERROR:crash_report_database_win.cc(469)] failed to stat report
[0822/093248.063:ERROR:crash_report_database_win.cc(469)] failed to stat report
[0822/093248.063:ERROR:crash_report_database_win.cc(469)] failed to stat report
[0822/125144.949:ERROR:crash_report_database_win.cc(469)] failed to stat report
[0822/125144.952:ERROR:crash_report_database_win.cc(469)] failed to stat report
[0822/125144.952:ERROR:crash_report_database_win.cc(469)] failed to stat report
[0822/125144.952:ERROR:crash_report_database_win.cc(469)] failed to stat report
[0822/125144.952:ERROR:crash_report_database_win.cc(469)] failed to stat report
[0822/125144.952:ERROR:crash_report_database_win.cc(469)] failed to stat report
[0822/125144.953:ERROR:crash_report_database_win.cc(469)] failed to stat report
[0822/125144.953:ERROR:crash_report_database_win.cc(469)] failed to stat report
[0822/125144.953:ERROR:crash_report_database_win.cc(469)] failed to stat report
[0822/125144.953:ERROR:crash_report_database_win.cc(469)] failed to stat report
[0822/125144.953:ERROR:crash_report_database_win.cc(469)] failed to stat report
[0822/125144.953:ERROR:crash_report_database_win.cc(469)] failed to stat report
[0822/125144.953:ERROR:crash_report_database_win.cc(469)] failed to stat report
[0822/125144.953:ERROR:crash_report_database_win.cc(469)] failed to stat report
[0822/125144.953:ERROR:crash_report_database_win.cc(469)] failed to stat report
[0822/125144.953:ERROR:crash_report_database_win.cc(469)] failed to stat report
[0822/125144.953:ERROR:crash_report_database_win.cc(469)] failed to stat report
[0822/125144.953:ERROR:crash_report_database_win.cc(469)] failed to stat report
[0822/125144.953:ERROR:crash_report_database_win.cc(469)] failed to stat report
[0822/125144.953:ERROR:crash_report_database_win.cc(469)] failed to stat report
[0823/094026.787:ERROR:crash_report_database_win.cc(469)] failed to stat report
[0823/094026.789:ERROR:crash_report_database_win.cc(469)] failed to stat report
[0823/094026.789:ERROR:crash_report_database_win.cc(469)] failed to stat report
[0823/094026.789:ERROR:crash_report_database_win.cc(469)] failed to stat report
[0823/094026.789:ERROR:crash_report_database_win.cc(469)] failed to stat report
[0823/094026.789:ERROR:crash_report_database_win.cc(469)] failed to stat report
[0823/094026.789:ERROR:crash_report_database_win.cc(469)] failed to stat report
[0823/094026.789:ERROR:crash_report_database_win.cc(469)] failed to stat report
[0823/094026.789:ERROR:crash_report_database_win.cc(469)] failed to stat report
[0823/094026.789:ERROR:crash_report_database_win.cc(469)] failed to stat report
[0823/094026.789:ERROR:crash_report_database_win.cc(469)] failed to stat report
[0823/094026.789:ERROR:crash_report_database_win.cc(469)] failed to stat report
[0823/094026.789:ERROR:crash_report_database_win.cc(469)] failed to stat report
[0823/094026.790:ERROR:crash_report_database_win.cc(469)] failed to stat report
[0823/094026.790:ERROR:crash_report_database_win.cc(469)] failed to stat report
[0823/094026.790:ERROR:crash_report_database_win.cc(469)] failed to stat report
[0823/094026.790:ERROR:crash_report_database_win.cc(469)] failed to stat report
[0823/094026.790:ERROR:crash_report_database_win.cc(469)] failed to stat report
[0823/094026.790:ERROR:crash_report_database_win.cc(469)] failed to stat report
[0823/094026.790:ERROR:crash_report_database_win.cc(469)] failed to stat report
[0826/134523.785:ERROR:crash_report_database_win.cc(469)] failed to stat report
[0826/134523.788:ERROR:crash_report_database_win.cc(469)] failed to stat report
[0826/134523.788:ERROR:crash_report_database_win.cc(469)] failed to stat report
[0826/134523.788:ERROR:crash_report_database_win.cc(469)] failed to stat report
[0826/134523.788:ERROR:crash_report_database_win.cc(469)] failed to stat report
[0826/134523.788:ERROR:crash_report_database_win.cc(469)] failed to stat report
[0826/134523.788:ERROR:crash_report_database_win.cc(469)] failed to stat report
[0826/134523.788:ERROR:crash_report_database_win.cc(469)] failed to stat report
[0826/134523.788:ERROR:crash_report_database_win.cc(469)] failed to stat report
[0826/134523.788:ERROR:crash_report_database_win.cc(469)] failed to stat report
[0826/134523.788:ERROR:crash_report_database_win.cc(469)] failed to stat report
[0826/134523.788:ERROR:crash_report_database_win.cc(469)] failed to stat report
[0826/134523.788:ERROR:crash_report_database_win.cc(469)] failed to stat report
[0826/134523.788:ERROR:crash_report_database_win.cc(469)] failed to stat report
[0826/134523.788:ERROR:crash_report_database_win.cc(469)] failed to stat report
[0826/134523.788:ERROR:crash_report_database_win.cc(469)] failed to stat report
[0826/134523.788:ERROR:crash_report_database_win.cc(469)] failed to stat report
[0826/134523.788:ERROR:crash_report_database_win.cc(469)] failed to stat report
[0826/134523.788:ERROR:crash_report_database_win.cc(469)] failed to stat report
[0826/134523.788:ERROR:crash_report_database_win.cc(469)] failed to stat report
[0828/160754.120:ERROR:crash_report_database_win.cc(469)] failed to stat report
[0828/160754.123:ERROR:crash_report_database_win.cc(469)] failed to stat report
[0828/160754.123:ERROR:crash_report_database_win.cc(469)] failed to stat report
[0828/160754.123:ERROR:crash_report_database_win.cc(469)] failed to stat report
[0828/160754.123:ERROR:crash_report_database_win.cc(469)] failed to stat report
[0828/160754.123:ERROR:crash_report_database_win.cc(469)] failed to stat report
[0828/160754.123:ERROR:crash_report_database_win.cc(469)] failed to stat report
[0828/160754.123:ERROR:crash_report_database_win.cc(469)] failed to stat report
[0828/160754.123:ERROR:crash_report_database_win.cc(469)] failed to stat report
[0828/160754.123:ERROR:crash_report_database_win.cc(469)] failed to stat report
[0828/160754.123:ERROR:crash_report_database_win.cc(469)] failed to stat report
[0828/160754.123:ERROR:crash_report_database_win.cc(469)] failed to stat report
[0828/160754.123:ERROR:crash_report_database_win.cc(469)] failed to stat report
[0828/160754.123:ERROR:crash_report_database_win.cc(469)] failed to stat report
[0828/160754.123:ERROR:crash_report_database_win.cc(469)] failed to stat report
[0828/160754.123:ERROR:crash_report_database_win.cc(469)] failed to stat report
[0828/160754.123:ERROR:crash_report_database_win.cc(469)] failed to stat report
[0828/160754.123:ERROR:crash_report_database_win.cc(469)] failed to stat report
[0828/160754.124:ERROR:crash_report_database_win.cc(469)] failed to stat report
[0828/160754.124:ERROR:crash_report_database_win.cc(469)] failed to stat report
[0828/170312.148:ERROR:crash_report_database_win.cc(469)] failed to stat report
[0828/170312.148:ERROR:crash_report_database_win.cc(469)] failed to stat report
[0828/170312.148:ERROR:crash_report_database_win.cc(469)] failed to stat report
[0828/170312.148:ERROR:crash_report_database_win.cc(469)] failed to stat report
[0828/170312.148:ERROR:crash_report_database_win.cc(469)] failed to stat report
[0828/170312.148:ERROR:crash_report_database_win.cc(469)] failed to stat report
[0828/170312.148:ERROR:crash_report_database_win.cc(469)] failed to stat report
[0828/170312.148:ERROR:crash_report_database_win.cc(469)] failed to stat report
[0828/170312.148:ERROR:crash_report_database_win.cc(469)] failed to stat report
[0828/170312.148:ERROR:crash_report_database_win.cc(469)] failed to stat report
[0828/170312.148:ERROR:crash_report_database_win.cc(469)] failed to stat report
[0828/170312.148:ERROR:crash_report_database_win.cc(469)] failed to stat report
[0828/170312.148:ERROR:crash_report_database_win.cc(469)] failed to stat report
[0828/170312.149:ERROR:crash_report_database_win.cc(469)] failed to stat report
[0828/170312.149:ERROR:crash_report_database_win.cc(469)] failed to stat report
[0828/170312.149:ERROR:crash_report_database_win.cc(469)] failed to stat report
[0828/170312.149:ERROR:crash_report_database_win.cc(469)] failed to stat report
[0828/170312.149:ERROR:crash_report_database_win.cc(469)] failed to stat report
[0828/170312.149:ERROR:crash_report_database_win.cc(469)] failed to stat report
[0828/170312.149:ERROR:crash_report_database_win.cc(469)] failed to stat report
[0828/170540.539:ERROR:crash_report_database_win.cc(469)] failed to stat report
[0828/170540.539:ERROR:crash_report_database_win.cc(469)] failed to stat report
[0828/170540.539:ERROR:crash_report_database_win.cc(469)] failed to stat report
[0828/170540.539:ERROR:crash_report_database_win.cc(469)] failed to stat report
[0828/170540.539:ERROR:crash_report_database_win.cc(469)] failed to stat report
[0828/170540.539:ERROR:crash_report_database_win.cc(469)] failed to stat report
[0828/170540.539:ERROR:crash_report_database_win.cc(469)] failed to stat report
[0828/170540.539:ERROR:crash_report_database_win.cc(469)] failed to stat report
[0828/170540.539:ERROR:crash_report_database_win.cc(469)] failed to stat report
[0828/170540.539:ERROR:crash_report_database_win.cc(469)] failed to stat report
[0828/170540.539:ERROR:crash_report_database_win.cc(469)] failed to stat report
[0828/170540.539:ERROR:crash_report_database_win.cc(469)] failed to stat report
[0828/170540.539:ERROR:crash_report_database_win.cc(469)] failed to stat report
[0828/170540.540:ERROR:crash_report_database_win.cc(469)] failed to stat report
[0828/170540.540:ERROR:crash_report_database_win.cc(469)] failed to stat report
[0828/170540.540:ERROR:crash_report_database_win.cc(469)] failed to stat report
[0828/170540.540:ERROR:crash_report_database_win.cc(469)] failed to stat report
[0828/170540.540:ERROR:crash_report_database_win.cc(469)] failed to stat report
[0828/170540.540:ERROR:crash_report_database_win.cc(469)] failed to stat report
[0828/170540.540:ERROR:crash_report_database_win.cc(469)] failed to stat report
[0829/131930.769:ERROR:crash_report_database_win.cc(469)] failed to stat report
[0829/131930.773:ERROR:crash_report_database_win.cc(469)] failed to stat report
[0829/131930.773:ERROR:crash_report_database_win.cc(469)] failed to stat report
[0829/131930.773:ERROR:crash_report_database_win.cc(469)] failed to stat report
[0829/131930.773:ERROR:crash_report_database_win.cc(469)] failed to stat report
[0829/131930.773:ERROR:crash_report_database_win.cc(469)] failed to stat report
[0829/131930.773:ERROR:crash_report_database_win.cc(469)] failed to stat report
[0829/131930.773:ERROR:crash_report_database_win.cc(469)] failed to stat report
[0829/131930.773:ERROR:crash_report_database_win.cc(469)] failed to stat report
[0829/131930.773:ERROR:crash_report_database_win.cc(469)] failed to stat report
[0829/131930.773:ERROR:crash_report_database_win.cc(469)] failed to stat report
[0829/131930.773:ERROR:crash_report_database_win.cc(469)] failed to stat report
[0829/131930.773:ERROR:crash_report_database_win.cc(469)] failed to stat report
[0829/131930.773:ERROR:crash_report_database_win.cc(469)] failed to stat report
[0829/131930.773:ERROR:crash_report_database_win.cc(469)] failed to stat report
[0829/131930.773:ERROR:crash_report_database_win.cc(469)] failed to stat report
[0829/131930.773:ERROR:crash_report_database_win.cc(469)] failed to stat report
[0829/131930.773:ERROR:crash_report_database_win.cc(469)] failed to stat report
[0829/131930.773:ERROR:crash_report_database_win.cc(469)] failed to stat report
[0829/131930.773:ERROR:crash_report_database_win.cc(469)] failed to stat report
[0830/095215.496:ERROR:crash_report_database_win.cc(469)] failed to stat report
[0830/095215.497:ERROR:crash_report_database_win.cc(469)] failed to stat report
[0830/095215.497:ERROR:crash_report_database_win.cc(469)] failed to stat report
[0830/095215.497:ERROR:crash_report_database_win.cc(469)] failed to stat report
[0830/095215.497:ERROR:crash_report_database_win.cc(469)] failed to stat report
[0830/095215.497:ERROR:crash_report_database_win.cc(469)] failed to stat report
[0830/095215.497:ERROR:crash_report_database_win.cc(469)] failed to stat report
[0830/095215.497:ERROR:crash_report_database_win.cc(469)] failed to stat report
[0830/095215.497:ERROR:crash_report_database_win.cc(469)] failed to stat report
[0830/095215.497:ERROR:crash_report_database_win.cc(469)] failed to stat report
[0830/095215.497:ERROR:crash_report_database_win.cc(469)] failed to stat report
[0830/095215.497:ERROR:crash_report_database_win.cc(469)] failed to stat report
[0830/095215.497:ERROR:crash_report_database_win.cc(469)] failed to stat report
[0830/095215.497:ERROR:crash_report_database_win.cc(469)] failed to stat report
[0830/095215.497:ERROR:crash_report_database_win.cc(469)] failed to stat report
[0830/095215.497:ERROR:crash_report_database_win.cc(469)] failed to stat report
[0830/095215.497:ERROR:crash_report_database_win.cc(469)] failed to stat report
[0830/095215.498:ERROR:crash_report_database_win.cc(469)] failed to stat report
[0830/095215.498:ERROR:crash_report_database_win.cc(469)] failed to stat report
[0830/095215.498:ERROR:crash_report_database_win.cc(469)] failed to stat report
[0830/161135.354:ERROR:crash_report_database_win.cc(469)] failed to stat report
[0830/161135.357:ERROR:crash_report_database_win.cc(469)] failed to stat report
[0830/161135.357:ERROR:crash_report_database_win.cc(469)] failed to stat report
[0830/161135.358:ERROR:crash_report_database_win.cc(469)] failed to stat report
[0830/161135.358:ERROR:crash_report_database_win.cc(469)] failed to stat report
[0830/161135.358:ERROR:crash_report_database_win.cc(469)] failed to stat report
[0830/161135.358:ERROR:crash_report_database_win.cc(469)] failed to stat report
[0830/161135.358:ERROR:crash_report_database_win.cc(469)] failed to stat report
[0830/161135.358:ERROR:crash_report_database_win.cc(469)] failed to stat report
[0830/161135.358:ERROR:crash_report_database_win.cc(469)] failed to stat report
[0830/161135.359:ERROR:crash_report_database_win.cc(469)] failed to stat report
[0830/161135.359:ERROR:crash_report_database_win.cc(469)] failed to stat report
[0830/161135.359:ERROR:crash_report_database_win.cc(469)] failed to stat report
[0830/161135.359:ERROR:crash_report_database_win.cc(469)] failed to stat report
[0830/161135.359:ERROR:crash_report_database_win.cc(469)] failed to stat report
[0830/161135.359:ERROR:crash_report_database_win.cc(469)] failed to stat report
[0830/161135.359:ERROR:crash_report_database_win.cc(469)] failed to stat report
[0830/161135.359:ERROR:crash_report_database_win.cc(469)] failed to stat report
[0830/161135.359:ERROR:crash_report_database_win.cc(469)] failed to stat report
[0830/161135.359:ERROR:crash_report_database_win.cc(469)] failed to stat report
[0902/092045.574:ERROR:crash_report_database_win.cc(469)] failed to stat report
[0902/092045.575:ERROR:crash_report_database_win.cc(469)] failed to stat report
[0902/092045.575:ERROR:crash_report_database_win.cc(469)] failed to stat report
[0902/092045.575:ERROR:crash_report_database_win.cc(469)] failed to stat report
[0902/092045.575:ERROR:crash_report_database_win.cc(469)] failed to stat report
[0902/092045.575:ERROR:crash_report_database_win.cc(469)] failed to stat report
[0902/092045.575:ERROR:crash_report_database_win.cc(469)] failed to stat report
[0902/092045.575:ERROR:crash_report_database_win.cc(469)] failed to stat report
[0902/092045.575:ERROR:crash_report_database_win.cc(469)] failed to stat report
[0902/092045.575:ERROR:crash_report_database_win.cc(469)] failed to stat report
[0902/092045.575:ERROR:crash_report_database_win.cc(469)] failed to stat report
[0902/092045.575:ERROR:crash_report_database_win.cc(469)] failed to stat report
[0902/092045.575:ERROR:crash_report_database_win.cc(469)] failed to stat report
[0902/092045.576:ERROR:crash_report_database_win.cc(469)] failed to stat report
[0902/092045.576:ERROR:crash_report_database_win.cc(469)] failed to stat report
[0902/092045.576:ERROR:crash_report_database_win.cc(469)] failed to stat report
[0902/092045.576:ERROR:crash_report_database_win.cc(469)] failed to stat report
[0902/092045.576:ERROR:crash_report_database_win.cc(469)] failed to stat report
[0902/092045.576:ERROR:crash_report_database_win.cc(469)] failed to stat report
[0902/092045.576:ERROR:crash_report_database_win.cc(469)] failed to stat report
[0903/103522.970:ERROR:crash_report_database_win.cc(469)] failed to stat report
[0903/103522.970:ERROR:crash_report_database_win.cc(469)] failed to stat report
[0903/103522.970:ERROR:crash_report_database_win.cc(469)] failed to stat report
[0903/103522.971:ERROR:crash_report_database_win.cc(469)] failed to stat report
[0903/103522.971:ERROR:crash_report_database_win.cc(469)] failed to stat report
[0903/103522.971:ERROR:crash_report_database_win.cc(469)] failed to stat report
[0903/103522.971:ERROR:crash_report_database_win.cc(469)] failed to stat report
[0903/103522.971:ERROR:crash_report_database_win.cc(469)] failed to stat report
[0903/103522.971:ERROR:crash_report_database_win.cc(469)] failed to stat report
[0903/103522.971:ERROR:crash_report_database_win.cc(469)] failed to stat report
[0903/103522.971:ERROR:crash_report_database_win.cc(469)] failed to stat report
[0903/103522.971:ERROR:crash_report_database_win.cc(469)] failed to stat report
[0903/103522.971:ERROR:crash_report_database_win.cc(469)] failed to stat report
[0903/103522.972:ERROR:crash_report_database_win.cc(469)] failed to stat report
[0903/103522.972:ERROR:crash_report_database_win.cc(469)] failed to stat report
[0903/103522.972:ERROR:crash_report_database_win.cc(469)] failed to stat report
[0903/103522.972:ERROR:crash_report_database_win.cc(469)] failed to stat report
[0903/103522.972:ERROR:crash_report_database_win.cc(469)] failed to stat report
[0903/103522.972:ERROR:crash_report_database_win.cc(469)] failed to stat report
[0903/103522.972:ERROR:crash_report_database_win.cc(469)] failed to stat report
[0903/164405.895:ERROR:crash_report_database_win.cc(469)] failed to stat report
[0903/164405.898:ERROR:crash_report_database_win.cc(469)] failed to stat report
[0903/164405.898:ERROR:crash_report_database_win.cc(469)] failed to stat report
[0903/164405.898:ERROR:crash_report_database_win.cc(469)] failed to stat report
[0903/164405.898:ERROR:crash_report_database_win.cc(469)] failed to stat report
[0903/164405.898:ERROR:crash_report_database_win.cc(469)] failed to stat report
[0903/164405.898:ERROR:crash_report_database_win.cc(469)] failed to stat report
[0903/164405.898:ERROR:crash_report_database_win.cc(469)] failed to stat report
[0903/164405.898:ERROR:crash_report_database_win.cc(469)] failed to stat report
[0903/164405.898:ERROR:crash_report_database_win.cc(469)] failed to stat report
[0903/164405.898:ERROR:crash_report_database_win.cc(469)] failed to stat report
[0903/164405.898:ERROR:crash_report_database_win.cc(469)] failed to stat report
[0903/164405.898:ERROR:crash_report_database_win.cc(469)] failed to stat report
[0903/164405.898:ERROR:crash_report_database_win.cc(469)] failed to stat report
[0903/164405.898:ERROR:crash_report_database_win.cc(469)] failed to stat report
[0903/164405.898:ERROR:crash_report_database_win.cc(469)] failed to stat report
[0903/164405.898:ERROR:crash_report_database_win.cc(469)] failed to stat report
[0903/164405.898:ERROR:crash_report_database_win.cc(469)] failed to stat report
[0903/164405.898:ERROR:crash_report_database_win.cc(469)] failed to stat report
[0903/164405.898:ERROR:crash_report_database_win.cc(469)] failed to stat report
[0904/094311.069:ERROR:crash_report_database_win.cc(469)] failed to stat report
[0904/094311.069:ERROR:crash_report_database_win.cc(469)] failed to stat report
[0904/094311.069:ERROR:crash_report_database_win.cc(469)] failed to stat report
[0904/094311.070:ERROR:crash_report_database_win.cc(469)] failed to stat report
[0904/094311.070:ERROR:crash_report_database_win.cc(469)] failed to stat report
[0904/094311.070:ERROR:crash_report_database_win.cc(469)] failed to stat report
[0904/094311.070:ERROR:crash_report_database_win.cc(469)] failed to stat report
[0904/094311.070:ERROR:crash_report_database_win.cc(469)] failed to stat report
[0904/094311.070:ERROR:crash_report_database_win.cc(469)] failed to stat report
[0904/094311.070:ERROR:crash_report_database_win.cc(469)] failed to stat report
[0904/094311.070:ERROR:crash_report_database_win.cc(469)] failed to stat report
[0904/094311.070:ERROR:crash_report_database_win.cc(469)] failed to stat report
[0904/094311.070:ERROR:crash_report_database_win.cc(469)] failed to stat report
[0904/094311.070:ERROR:crash_report_database_win.cc(469)] failed to stat report
[0904/094311.070:ERROR:crash_report_database_win.cc(469)] failed to stat report
[0904/094311.070:ERROR:crash_report_database_win.cc(469)] failed to stat report
[0904/094311.070:ERROR:crash_report_database_win.cc(469)] failed to stat report
[0904/094311.070:ERROR:crash_report_database_win.cc(469)] failed to stat report
[0904/094311.070:ERROR:crash_report_database_win.cc(469)] failed to stat report
[0904/094311.070:ERROR:crash_report_database_win.cc(469)] failed to stat report
[0905/100407.367:ERROR:crash_report_database_win.cc(469)] failed to stat report
[0905/100407.368:ERROR:crash_report_database_win.cc(469)] failed to stat report
[0905/100407.368:ERROR:crash_report_database_win.cc(469)] failed to stat report
[0905/100407.369:ERROR:crash_report_database_win.cc(469)] failed to stat report
[0905/100407.369:ERROR:crash_report_database_win.cc(469)] failed to stat report
[0905/100407.369:ERROR:crash_report_database_win.cc(469)] failed to stat report
[0905/100407.369:ERROR:crash_report_database_win.cc(469)] failed to stat report
[0905/100407.369:ERROR:crash_report_database_win.cc(469)] failed to stat report
[0905/100407.369:ERROR:crash_report_database_win.cc(469)] failed to stat report
[0905/100407.369:ERROR:crash_report_database_win.cc(469)] failed to stat report
[0905/100407.369:ERROR:crash_report_database_win.cc(469)] failed to stat report
[0905/100407.369:ERROR:crash_report_database_win.cc(469)] failed to stat report
[0905/100407.369:ERROR:crash_report_database_win.cc(469)] failed to stat report
[0905/100407.369:ERROR:crash_report_database_win.cc(469)] failed to stat report
[0905/100407.369:ERROR:crash_report_database_win.cc(469)] failed to stat report
[0905/100407.369:ERROR:crash_report_database_win.cc(469)] failed to stat report
[0905/100407.369:ERROR:crash_report_database_win.cc(469)] failed to stat report
[0905/100407.369:ERROR:crash_report_database_win.cc(469)] failed to stat report
[0905/100407.369:ERROR:crash_report_database_win.cc(469)] failed to stat report
[0905/100407.370:ERROR:crash_report_database_win.cc(469)] failed to stat report
[0908/125121.806:ERROR:crash_report_database_win.cc(469)] failed to stat report
[0908/194634.771:ERROR:crash_report_database_win.cc(469)] failed to stat report
[0911/203708.818:ERROR:crash_report_database_win.cc(469)] failed to stat report
[0912/212216.136:ERROR:crash_report_database_win.cc(469)] failed to stat report
[0913/211031.071:ERROR:crash_report_database_win.cc(469)] failed to stat report
[0914/124327.946:ERROR:crash_report_database_win.cc(469)] failed to stat report
[0915/084058.211:ERROR:crash_report_database_win.cc(469)] failed to stat report
[0915/200419.765:ERROR:crash_report_database_win.cc(469)] failed to stat report
[0917/204328.473:ERROR:crash_report_database_win.cc(469)] failed to stat report
